#! /opt/homebrew/Cellar/icarus-verilog/12.0/bin/vvp
:ivl_version "12.0 (stable)";
:ivl_delay_selection "TYPICAL";
:vpi_time_precision + 0;
:vpi_module "/opt/homebrew/Cellar/icarus-verilog/12.0/lib/ivl/system.vpi";
:vpi_module "/opt/homebrew/Cellar/icarus-verilog/12.0/lib/ivl/vhdl_sys.vpi";
:vpi_module "/opt/homebrew/Cellar/icarus-verilog/12.0/lib/ivl/vhdl_textio.vpi";
:vpi_module "/opt/homebrew/Cellar/icarus-verilog/12.0/lib/ivl/v2005_math.vpi";
:vpi_module "/opt/homebrew/Cellar/icarus-verilog/12.0/lib/ivl/va_math.vpi";
S_0x10d604170 .scope module, "tb_dff" "tb_dff" 2 1;
 .timescale 0 0;
v0x10d614880_0 .var "clk", 0 0;
v0x10d614920_0 .var "d", 0 0;
v0x10d6149d0_0 .net "q", 0 0, v0x10d6146d0_0;  1 drivers
v0x10d614aa0_0 .var "rst_n", 0 0;
S_0x10d6042f0 .scope module, "uut" "dff" 2 6, 3 4 0, S_0x10d604170;
 .timescale 0 0;
    .port_info 0 /INPUT 1 "clk";
    .port_info 1 /INPUT 1 "rst_n";
    .port_info 2 /INPUT 1 "d";
    .port_info 3 /OUTPUT 1 "q";
v0x10d604580_0 .net "clk", 0 0, v0x10d614880_0;  1 drivers
v0x10d614630_0 .net "d", 0 0, v0x10d614920_0;  1 drivers
v0x10d6146d0_0 .var "q", 0 0;
v0x10d614780_0 .net "rst_n", 0 0, v0x10d614aa0_0;  1 drivers
E_0x10d604520/0 .event negedge, v0x10d614780_0;
E_0x10d604520/1 .event posedge, v0x10d604580_0;
E_0x10d604520 .event/or E_0x10d604520/0, E_0x10d604520/1;
    .scope S_0x10d6042f0;
T_0 ;
    %wait E_0x10d604520;
    %load/vec4 v0x10d614780_0;
    %nor/r;
    %flag_set/vec4 8;
    %jmp/0xz  T_0.0, 8;
    %pushi/vec4 0, 0, 1;
    %assign/vec4 v0x10d6146d0_0, 0;
    %jmp T_0.1;
T_0.0 ;
    %load/vec4 v0x10d614630_0;
    %assign/vec4 v0x10d6146d0_0, 0;
T_0.1 ;
    %jmp T_0;
    .thread T_0;
    .scope S_0x10d604170;
T_1 ;
    %delay 5, 0;
    %load/vec4 v0x10d614880_0;
    %inv;
    %store/vec4 v0x10d614880_0, 0, 1;
    %jmp T_1;
    .thread T_1;
    .scope S_0x10d604170;
T_2 ;
    %vpi_call 2 17 "$dumpfile", "dff.vcd" {0 0 0};
    %vpi_call 2 18 "$dumpvars", 32'sb00000000000000000000000000000000, S_0x10d604170 {0 0 0};
    %pushi/vec4 0, 0, 1;
    %store/vec4 v0x10d614880_0, 0, 1;
    %pushi/vec4 0, 0, 1;
    %store/vec4 v0x10d614920_0, 0, 1;
    %pushi/vec4 0, 0, 1;
    %store/vec4 v0x10d614aa0_0, 0, 1;
    %delay 12, 0;
    %pushi/vec4 1, 0, 1;
    %store/vec4 v0x10d614aa0_0, 0, 1;
    %delay 10, 0;
    %pushi/vec4 1, 0, 1;
    %store/vec4 v0x10d614920_0, 0, 1;
    %delay 10, 0;
    %pushi/vec4 0, 0, 1;
    %store/vec4 v0x10d614920_0, 0, 1;
    %delay 10, 0;
    %pushi/vec4 1, 0, 1;
    %store/vec4 v0x10d614920_0, 0, 1;
    %delay 50, 0;
    %vpi_call 2 31 "$finish" {0 0 0};
    %end;
    .thread T_2;
# The file index is used to find the file name in the following table.
:file_names 4;
    "N/A";
    "<interactive>";
    "tb_dff.v";
    "dff.v";
