#! /c/Source/iverilog-install/bin/vvp
:ivl_version "12.0 (devel)" "(s20150603-1110-g18392a46)";
:ivl_delay_selection "TYPICAL";
:vpi_time_precision - 12;
:vpi_module "C:\iverilog\lib\ivl\system.vpi";
:vpi_module "C:\iverilog\lib\ivl\vhdl_sys.vpi";
:vpi_module "C:\iverilog\lib\ivl\vhdl_textio.vpi";
:vpi_module "C:\iverilog\lib\ivl\v2005_math.vpi";
:vpi_module "C:\iverilog\lib\ivl\va_math.vpi";
S_0000019ffee7d3a0 .scope module, "tb_alu" "tb_alu" 2 6;
 .timescale -9 -12;
v0000019ffee7d6c0_0 .var "a", 7 0;
v0000019ffee7d760_0 .var "b", 7 0;
v0000019ffece2f20_0 .var "op", 2 0;
v0000019ffece2fc0_0 .net "result", 7 0, v0000019ffee76ee0_0;  1 drivers
S_0000019ffee7d530 .scope module, "uut" "alu" 2 12, 3 2 0, S_0000019ffee7d3a0;
 .timescale 0 0;
    .port_info 0 /INPUT 8 "a";
    .port_info 1 /INPUT 8 "b";
    .port_info 2 /INPUT 3 "op";
    .port_info 3 /OUTPUT 8 "result";
v0000019ffee7bf40_0 .net "a", 7 0, v0000019ffee7d6c0_0;  1 drivers
v0000019ffee77300_0 .net "b", 7 0, v0000019ffee7d760_0;  1 drivers
v0000019ffee77540_0 .net "op", 2 0, v0000019ffece2f20_0;  1 drivers
v0000019ffee76ee0_0 .var "result", 7 0;
E_0000019ffee7ac50 .event anyedge, v0000019ffee77540_0, v0000019ffee7bf40_0, v0000019ffee77300_0;
    .scope S_0000019ffee7d530;
T_0 ;
    %wait E_0000019ffee7ac50;
    %load/vec4 v0000019ffee77540_0;
    %dup/vec4;
    %pushi/vec4 0, 0, 3;
    %cmp/u;
    %jmp/1 T_0.0, 6;
    %dup/vec4;
    %pushi/vec4 1, 0, 3;
    %cmp/u;
    %jmp/1 T_0.1, 6;
    %dup/vec4;
    %pushi/vec4 2, 0, 3;
    %cmp/u;
    %jmp/1 T_0.2, 6;
    %dup/vec4;
    %pushi/vec4 3, 0, 3;
    %cmp/u;
    %jmp/1 T_0.3, 6;
    %dup/vec4;
    %pushi/vec4 4, 0, 3;
    %cmp/u;
    %jmp/1 T_0.4, 6;
    %dup/vec4;
    %pushi/vec4 5, 0, 3;
    %cmp/u;
    %jmp/1 T_0.5, 6;
    %dup/vec4;
    %pushi/vec4 6, 0, 3;
    %cmp/u;
    %jmp/1 T_0.6, 6;
    %dup/vec4;
    %pushi/vec4 7, 0, 3;
    %cmp/u;
    %jmp/1 T_0.7, 6;
    %pushi/vec4 0, 0, 8;
    %store/vec4 v0000019ffee76ee0_0, 0, 8;
    %jmp T_0.9;
T_0.0 ;
    %load/vec4 v0000019ffee7bf40_0;
    %load/vec4 v0000019ffee77300_0;
    %add;
    %store/vec4 v0000019ffee76ee0_0, 0, 8;
    %jmp T_0.9;
T_0.1 ;
    %load/vec4 v0000019ffee7bf40_0;
    %load/vec4 v0000019ffee77300_0;
    %sub;
    %store/vec4 v0000019ffee76ee0_0, 0, 8;
    %jmp T_0.9;
T_0.2 ;
    %load/vec4 v0000019ffee7bf40_0;
    %load/vec4 v0000019ffee77300_0;
    %and;
    %store/vec4 v0000019ffee76ee0_0, 0, 8;
    %jmp T_0.9;
T_0.3 ;
    %load/vec4 v0000019ffee7bf40_0;
    %load/vec4 v0000019ffee77300_0;
    %or;
    %store/vec4 v0000019ffee76ee0_0, 0, 8;
    %jmp T_0.9;
T_0.4 ;
    %load/vec4 v0000019ffee7bf40_0;
    %load/vec4 v0000019ffee77300_0;
    %xor;
    %store/vec4 v0000019ffee76ee0_0, 0, 8;
    %jmp T_0.9;
T_0.5 ;
    %load/vec4 v0000019ffee7bf40_0;
    %ix/load 4, 1, 0;
    %flag_set/imm 4, 0;
    %shiftl 4;
    %store/vec4 v0000019ffee76ee0_0, 0, 8;
    %jmp T_0.9;
T_0.6 ;
    %load/vec4 v0000019ffee7bf40_0;
    %ix/load 4, 1, 0;
    %flag_set/imm 4, 0;
    %shiftr 4;
    %store/vec4 v0000019ffee76ee0_0, 0, 8;
    %jmp T_0.9;
T_0.7 ;
    %load/vec4 v0000019ffee7bf40_0;
    %inv;
    %store/vec4 v0000019ffee76ee0_0, 0, 8;
    %jmp T_0.9;
T_0.9 ;
    %pop/vec4 1;
    %jmp T_0;
    .thread T_0, $push;
    .scope S_0000019ffee7d3a0;
T_1 ;
    %vpi_call 2 20 "$dumpfile", "alu.vcd" {0 0 0};
    %vpi_call 2 21 "$dumpvars", 32'sb00000000000000000000000000000000, S_0000019ffee7d3a0 {0 0 0};
    %pushi/vec4 10, 0, 8;
    %store/vec4 v0000019ffee7d6c0_0, 0, 8;
    %pushi/vec4 3, 0, 8;
    %store/vec4 v0000019ffee7d760_0, 0, 8;
    %pushi/vec4 0, 0, 3;
    %store/vec4 v0000019ffece2f20_0, 0, 3;
    %delay 10000, 0;
    %pushi/vec4 10, 0, 8;
    %store/vec4 v0000019ffee7d6c0_0, 0, 8;
    %pushi/vec4 3, 0, 8;
    %store/vec4 v0000019ffee7d760_0, 0, 8;
    %pushi/vec4 1, 0, 3;
    %store/vec4 v0000019ffece2f20_0, 0, 3;
    %delay 10000, 0;
    %pushi/vec4 10, 0, 8;
    %store/vec4 v0000019ffee7d6c0_0, 0, 8;
    %pushi/vec4 3, 0, 8;
    %store/vec4 v0000019ffee7d760_0, 0, 8;
    %pushi/vec4 2, 0, 3;
    %store/vec4 v0000019ffece2f20_0, 0, 3;
    %delay 10000, 0;
    %pushi/vec4 10, 0, 8;
    %store/vec4 v0000019ffee7d6c0_0, 0, 8;
    %pushi/vec4 3, 0, 8;
    %store/vec4 v0000019ffee7d760_0, 0, 8;
    %pushi/vec4 3, 0, 3;
    %store/vec4 v0000019ffece2f20_0, 0, 3;
    %delay 10000, 0;
    %pushi/vec4 10, 0, 8;
    %store/vec4 v0000019ffee7d6c0_0, 0, 8;
    %pushi/vec4 3, 0, 8;
    %store/vec4 v0000019ffee7d760_0, 0, 8;
    %pushi/vec4 4, 0, 3;
    %store/vec4 v0000019ffece2f20_0, 0, 3;
    %delay 10000, 0;
    %pushi/vec4 10, 0, 8;
    %store/vec4 v0000019ffee7d6c0_0, 0, 8;
    %pushi/vec4 3, 0, 8;
    %store/vec4 v0000019ffee7d760_0, 0, 8;
    %pushi/vec4 5, 0, 3;
    %store/vec4 v0000019ffece2f20_0, 0, 3;
    %delay 10000, 0;
    %pushi/vec4 10, 0, 8;
    %store/vec4 v0000019ffee7d6c0_0, 0, 8;
    %pushi/vec4 15, 0, 8;
    %store/vec4 v0000019ffee7d760_0, 0, 8;
    %pushi/vec4 6, 0, 3;
    %store/vec4 v0000019ffece2f20_0, 0, 3;
    %delay 10000, 0;
    %pushi/vec4 10, 0, 8;
    %store/vec4 v0000019ffee7d6c0_0, 0, 8;
    %pushi/vec4 3, 0, 8;
    %store/vec4 v0000019ffee7d760_0, 0, 8;
    %pushi/vec4 7, 0, 3;
    %store/vec4 v0000019ffece2f20_0, 0, 3;
    %delay 10000, 0;
    %delay 20000, 0;
    %vpi_call 2 33 "$finish" {0 0 0};
    %end;
    .thread T_1;
# The file index is used to find the file name in the following table.
:file_names 4;
    "N/A";
    "<interactive>";
    "tb_alu.v";
    "alu.v";
